Iteration	Posterior	Likelihood	Prior	extinction[1]	extinction[2]	log_extinction[1]	log_extinction[2]	log_speciation[1]	log_speciation[2]	rate_12	rate_21	rate_category_prior[1]	rate_category_prior[2]	speciation[1]	speciation[2]
0	-17116.06	-17123.84	7.785615	0.13105	0.133549	-2.03218	-2.01329	-0.800571	-1.02796	0.001431998	0.00084744	0.107775	0.892225	0.449072	0.357737
1	-17030.75	-17038.05	7.300668	0.124124	0.108862	-2.08647	-2.21767	-0.650767	-0.910969	0.0008409909	0.0005178641	0.107775	0.892225	0.521646	0.402134
2	-17027.95	-17035.3	7.344182	0.127266	0.102021	-2.06148	-2.28257	-0.61198	-0.910969	0.0005321316	0.0003728218	0.107775	0.892225	0.542276	0.402134
3	-16979.79	-16986.7	6.90697	0.127266	0.102021	-2.06148	-2.28257	-0.646307	-0.736553	0.0007629289	0.0003730842	0.107775	0.892225	0.523977	0.478761
4	-16977.36	-16984.13	6.768638	0.135544	0.099786	-1.99846	-2.30473	-0.616086	-0.736553	0.0007629289	0.0005200337	0.479097	0.520903	0.540054	0.478761
5	-16970.02	-16976.53	6.517062	0.140582	0.0999915	-1.96196	-2.30267	-0.645315	-0.633636	0.001030306	0.000422478	0.479097	0.520903	0.524497	0.530659
6	-16965.13	-16971.86	6.730025	0.168562	0.114143	-1.78045	-2.17031	-0.666815	-0.63925	0.001491615	0.000356446	0.479097	0.520903	0.513341	0.527688
7	-16953.98	-16960.69	6.711512	0.211109	0.118188	-1.55538	-2.13548	-0.530429	-0.640656	0.0009559649	0.0002736948	0.479097	0.520903	0.588352	0.526947
8	-16952.46	-16959.11	6.651909	0.215962	0.129058	-1.53265	-2.04749	-0.530429	-0.640656	0.001306819	0.0002367541	0.223767	0.776233	0.588352	0.526947
9	-16949.55	-16956.56	7.017129	0.218892	0.142935	-1.51918	-1.94536	-0.545043	-0.640656	0.0008136139	0.000315009	0.344735	0.655265	0.579817	0.526947
10	-16950.67	-16957.44	6.769414	0.218892	0.132943	-1.51918	-2.01783	-0.545043	-0.587827	0.0008136139	0.0003515296	0.344735	0.655265	0.579817	0.555533
11	-16951.26	-16957.73	6.468945	0.223663	0.129773	-1.49761	-2.04197	-0.497584	-0.613552	0.0009763068	0.0005444649	0.66474	0.33526	0.607998	0.541424
12	-16949.76	-16956.4	6.635509	0.223663	0.132258	-1.49761	-2.023	-0.522221	-0.612858	0.0008510974	0.0005444649	0.66474	0.33526	0.593201	0.5418
13	-16945.91	-16952.12	6.217373	0.256196	0.134624	-1.36181	-2.00527	-0.522221	-0.588652	0.001376449	0.0005444649	0.66474	0.33526	0.593201	0.555075
14	-16937.88	-16944.11	6.226977	0.299847	0.165773	-1.20448	-1.79714	-0.529094	-0.588652	0.001376449	0.0005444649	0.66474	0.33526	0.589138	0.555075
15	-16936.83	-16942.72	5.884945	0.282965	0.176921	-1.26243	-1.73205	-0.450734	-0.581365	0.001357844	0.0008435397	0.66474	0.33526	0.63716	0.559135
16	-16930.58	-16936.51	5.931656	0.3432	0.176921	-1.06944	-1.73205	-0.468332	-0.581365	0.0009500958	0.0007688603	0.66474	0.33526	0.626046	0.559135
17	-16929.22	-16935.31	6.088945	0.369247	0.18529	-0.99629	-1.68584	-0.468332	-0.590274	0.0006980301	0.0005450208	0.66474	0.33526	0.626046	0.554175
18	-16923.83	-16929.52	5.693333	0.361271	0.199297	-1.01813	-1.61296	-0.377219	-0.531806	0.0004983199	0.0006110066	0.808742	0.191258	0.685766	0.587543
19	-16921.97	-16927.53	5.567129	0.37169	0.201326	-0.989695	-1.60283	-0.37558	-0.531806	0.0007112372	0.0005228273	0.808742	0.191258	0.686891	0.587543
20	-16920.22	-16925.83	5.614917	0.420744	0.201326	-0.865731	-1.60283	-0.407265	-0.531806	0.0004998574	0.0003733751	0.949883	0.0501171	0.665468	0.587543
21	-16917.42	-16923.1	5.673457	0.415192	0.201326	-0.879015	-1.60283	-0.364071	-0.544913	0.0003699637	0.0002301933	0.949883	0.0501171	0.694842	0.579892
22	-16915.73	-16921.06	5.326669	0.465856	0.208902	-0.763878	-1.56589	-0.355385	-0.545543	0.0003652441	0.0002994231	0.941943	0.0580566	0.700904	0.579527
23	-16914.38	-16919.39	5.007538	0.490218	0.208902	-0.712904	-1.56589	-0.333472	-0.545543	0.0005858958	0.0002718025	0.941943	0.0580566	0.716432	0.579527
24	-16914.98	-16920.28	5.295709	0.455948	0.206794	-0.785376	-1.57603	-0.336684	-0.548253	0.0004345891	0.0002786155	0.633142	0.366858	0.714134	0.577959
25	-16911.99	-16916.85	4.862151	0.50378	0.215854	-0.685615	-1.53315	-0.290502	-0.543024	0.0002867026	0.0003571339	0.633142	0.366858	0.747888	0.580989
26	-16911.14	-16915.35	4.213594	0.579828	0.217576	-0.545023	-1.52521	-0.239809	-0.543024	0.0003289759	0.0003571339	0.285494	0.714506	0.786778	0.580989
27	-16909.07	-16913.3	4.228887	0.564059	0.217576	-0.572596	-1.52521	-0.23817	-0.512213	0.0003289759	0.0002910253	0.769454	0.230546	0.788069	0.599168
28	-16902.3	-16906.03	3.730388	0.564059	0.285774	-0.572596	-1.25255	-0.23817	-0.452343	0.0003535394	0.0004408707	0.769454	0.230546	0.788069	0.636136
29	-16902.38	-16905.11	2.720721	0.677972	0.285358	-0.388649	-1.25401	-0.156268	-0.46709	0.0005413709	0.0004344901	0.769454	0.230546	0.85533	0.626824
30	-16901	-16903.42	2.420864	0.679325	0.293747	-0.386656	-1.22504	-0.103259	-0.477555	0.0004396417	0.0006512402	0.769454	0.230546	0.901893	0.620298
31	-16903.1	-16905.38	2.27615	0.679325	0.330746	-0.386656	-1.10641	-0.103259	-0.477555	0.000483321	0.0005682392	0.381219	0.618781	0.901893	0.620298
32	-16903.37	-16905.89	2.516805	0.638901	0.330746	-0.448006	-1.10641	-0.120934	-0.477555	0.0005903675	0.0005682392	0.731582	0.268418	0.886092	0.620298
33	-16899.58	-16901.9	2.315144	0.638901	0.330746	-0.448006	-1.10641	-0.137717	-0.445183	0.0009007217	0.0005682392	0.424078	0.575922	0.871345	0.640707
34	-16895.94	-16897.63	1.690982	0.638901	0.385157	-0.448006	-0.954105	-0.137717	-0.373115	0.001077013	0.0005682392	0.436421	0.563579	0.871345	0.688586
35	-16895.12	-16897.07	1.953737	0.638934	0.385157	-0.447954	-0.954105	-0.137717	-0.373115	0.0006972197	0.0004511636	0.476466	0.523534	0.871345	0.688586
36	-16894.83	-16896.86	2.028416	0.644904	0.387763	-0.438653	-0.94736	-0.137717	-0.373115	0.0005263424	0.000393875	0.476466	0.523534	0.871345	0.688586
37	-16894.7	-16896.63	1.933049	0.644904	0.387763	-0.438653	-0.94736	-0.137717	-0.373115	0.000763053	0.0003373783	0.476466	0.523534	0.871345	0.688586
38	-16894.34	-16895.41	1.076456	0.740178	0.387763	-0.300865	-0.94736	-0.0547819	-0.373115	0.000763053	0.0002876987	0.760325	0.239675	0.946692	0.688586
39	-16896.01	-16897.18	1.170622	0.740178	0.364936	-0.300865	-1.00803	-0.0574459	-0.359134	0.0004030852	0.0006172974	0.711514	0.288486	0.944173	0.698281
40	-16896.43	-16897.8	1.363791	0.689004	0.396343	-0.372508	-0.925475	-0.072102	-0.359134	0.0004012405	0.0005876754	0.335831	0.664169	0.930436	0.698281
41	-16895.4	-16896.95	1.54735	0.68439	0.388386	-0.379227	-0.945754	-0.0854525	-0.359134	0.000425128	0.0004573972	0.335831	0.664169	0.918097	0.698281
42	-16894.99	-16896.59	1.604238	0.68168	0.396469	-0.383195	-0.925157	-0.0854525	-0.35323	0.0003647169	0.0003157895	0.335831	0.664169	0.918097	0.702415
43	-16894.89	-16896.42	1.526429	0.693508	0.384338	-0.365993	-0.956234	-0.0680987	-0.35323	0.0003628528	0.0003157895	0.879027	0.120973	0.934168	0.702415
44	-16894.92	-16896.37	1.453503	0.707543	0.378773	-0.345957	-0.970819	-0.0680987	-0.341223	0.000335264	0.0003086262	0.879027	0.120973	0.934168	0.7109
45	-16893.58	-16894.92	1.345281	0.735166	0.395693	-0.307659	-0.927118	-0.0621702	-0.361062	0.0003022927	0.0001915177	0.879027	0.120973	0.939723	0.696936
46	-16893.58	-16894.91	1.322469	0.735166	0.405405	-0.307659	-0.902869	-0.0648715	-0.358846	0.0002912486	0.0001562511	0.879027	0.120973	0.937188	0.698482
47	-16895.16	-16895.66	0.499931	0.77231	0.41159	-0.25837	-0.887727	-0.0226057	-0.358846	0.0009622174	0.0002378834	0.563368	0.436632	0.977648	0.698482
48	-16897.36	-16897.65	0.2973195	0.768448	0.428646	-0.263382	-0.847123	-0.0226057	-0.358846	0.0009622174	0.0004854232	0.462671	0.537329	0.977648	0.698482
49	-16896.49	-16896.93	0.4412526	0.768448	0.402713	-0.263382	-0.90953	-0.0157996	-0.36473	0.0009622174	0.0004569403	0.42834	0.57166	0.984325	0.694384
50	-16896.69	-16897.68	0.9906106	0.768448	0.369051	-0.263382	-0.99682	-0.0580687	-0.362911	0.0006158332	0.0004569403	0.42834	0.57166	0.943585	0.695648
51	-16896.94	-16897.33	0.3962208	0.768448	0.395333	-0.263382	-0.928028	-0.0580687	-0.341205	0.00107816	0.000705899	0.413219	0.586781	0.943585	0.710913
52	-16897.9	-16898.04	0.1386471	0.768448	0.395333	-0.263382	-0.928028	-0.0580687	-0.358593	0.001658206	0.00073612	0.745155	0.254845	0.943585	0.698659
53	-16902.44	-16901.87	-0.5658295	0.739864	0.395333	-0.301288	-0.928028	-0.0669079	-0.365038	0.00297802	0.001152973	0.35939	0.64061	0.935281	0.69417
54	-16899.04	-16898.76	-0.2823988	0.718527	0.429456	-0.330552	-0.845236	-0.0871589	-0.328865	0.002176142	0.001204325	0.35939	0.64061	0.916531	0.71974
55	-16903.51	-16902.75	-0.7596023	0.754294	0.430683	-0.281973	-0.842383	0.0104351	-0.331402	0.001887065	0.001184292	0.35939	0.64061	1.01049	0.717916
56	-16900.4	-16899.58	-0.8225952	0.745481	0.423923	-0.293725	-0.858202	-0.048906	-0.331402	0.002215729	0.001660254	0.509189	0.490811	0.952271	0.717916
57	-16903.82	-16903.1	-0.7180133	0.734861	0.428326	-0.308074	-0.847871	-0.106308	-0.331402	0.002215729	0.002016908	0.509189	0.490811	0.899148	0.717916
58	-16902.39	-16900.95	-1.441749	0.749728	0.433208	-0.288045	-0.836538	-0.0396703	-0.309205	0.002215729	0.002450807	0.558687	0.441313	0.961106	0.73403
59	-16899.89	-16898.9	-0.9925686	0.749728	0.434417	-0.288045	-0.833751	-0.0423711	-0.309205	0.001514108	0.002314976	0.803347	0.196653	0.958514	0.73403
60	-16900	-16898.8	-1.206503	0.770487	0.446478	-0.260732	-0.806365	-0.0423711	-0.299026	0.001514108	0.002314976	0.803347	0.196653	0.958514	0.74154
61	-16896.68	-16896.36	-0.3221453	0.770487	0.429776	-0.260732	-0.844491	-0.0237639	-0.316768	0.0008346406	0.001460502	0.803347	0.196653	0.976516	0.7285
62	-16896.75	-16896.19	-0.5614639	0.770487	0.447196	-0.260732	-0.804758	-0.024582	-0.278758	0.0008342734	0.001460502	0.803347	0.196653	0.975718	0.756723
63	-16896.05	-16896.22	0.1689933	0.714115	0.447196	-0.336712	-0.804758	-0.0945004	-0.278758	0.0006229661	0.001460502	0.803347	0.196653	0.909827	0.756723
64	-16895.4	-16895.38	-0.01498969	0.714115	0.469429	-0.336712	-0.756238	-0.0779289	-0.278758	0.0006229661	0.001436214	0.803347	0.196653	0.92503	0.756723
65	-16894.98	-16894.96	-0.02500065	0.733147	0.472191	-0.31041	-0.750371	-0.0779289	-0.267754	0.0006044676	0.001171448	0.704431	0.295569	0.92503	0.765096
66	-16895.39	-16896.05	0.6577903	0.678163	0.463101	-0.388368	-0.769809	-0.137239	-0.275862	0.0005396903	0.001155624	0.663978	0.336022	0.871762	0.758918
67	-16894.86	-16895.77	0.9107284	0.681656	0.446843	-0.383229	-0.805547	-0.137239	-0.275862	0.0006312509	0.0007188138	0.663978	0.336022	0.871762	0.758918
68	-16894.93	-16895.81	0.880286	0.72279	0.416232	-0.324636	-0.876513	-0.0851495	-0.345515	0.0005991545	0.0007783998	0.663978	0.336022	0.918375	0.707856
69	-16893.66	-16894.86	1.201589	0.710589	0.397044	-0.341662	-0.923708	-0.0851495	-0.339607	0.0005991545	0.0004446318	0.702075	0.297925	0.918375	0.71205
70	-16894.12	-16895.4	1.282053	0.728395	0.379206	-0.316912	-0.969676	-0.0749922	-0.361581	0.0006367441	0.0003215602	0.702075	0.297925	0.927751	0.696574
71	-16895.26	-16896.24	0.9834185	0.744422	0.379206	-0.295147	-0.969676	-0.03056	-0.367712	0.0006958577	0.0003220002	0.702075	0.297925	0.969902	0.692317
72	-16896.92	-16897.41	0.4878887	0.803909	0.379206	-0.218269	-0.969676	-0.03056	-0.367712	0.001153494	0.0002153363	0.628073	0.371927	0.969902	0.692317
73	-16895.15	-16895.87	0.7279138	0.779073	0.375322	-0.249651	-0.979972	-0.00770619	-0.351773	0.0007034205	0.000176482	0.912498	0.0875016	0.992323	0.70344
74	-16897.61	-16898.64	1.029924	0.786646	0.375322	-0.239977	-0.979972	-0.0654396	-0.351773	0.0005668461	0.0001772963	0.912498	0.0875016	0.936656	0.70344
75	-16893.52	-16894.68	1.159009	0.717421	0.408676	-0.332093	-0.894832	-0.0654396	-0.351773	0.000805443	5.049231e-05	0.417439	0.582561	0.936656	0.70344
76	-16895.31	-16896.72	1.412294	0.717421	0.405936	-0.332093	-0.90156	-0.118005	-0.351773	0.000805443	4.724154e-05	0.417439	0.582561	0.888692	0.70344
77	-16895.17	-16895.8	0.632961	0.783758	0.405936	-0.243655	-0.90156	-0.0460654	-0.351773	0.001014217	3.617068e-05	0.477318	0.522682	0.954979	0.70344
78	-16894.34	-16895.07	0.7242239	0.766937	0.3908	-0.26535	-0.93956	-0.0269641	-0.35629	0.001014217	4.389309e-05	0.504717	0.495283	0.973396	0.70027
79	-16895.84	-16896.2	0.3588608	0.766716	0.39581	-0.265639	-0.92682	-0.0161369	-0.35629	0.001560618	4.389309e-05	0.504717	0.495283	0.983993	0.70027
80	-16895.66	-16896.36	0.7001492	0.79504	0.4036	-0.229363	-0.90733	-0.031172	-0.368563	0.0007833569	4.025846e-05	0.504717	0.495283	0.969309	0.691728
81	-16896.72	-16897.14	0.4252324	0.79504	0.398126	-0.229363	-0.920986	0.0204278	-0.316974	0.0005009938	6.446105e-05	0.504717	0.495283	1.02064	0.72835
82	-16895.54	-16895.82	0.2803923	0.813879	0.403638	-0.205943	-0.907236	0.0204278	-0.316974	0.0005010469	9.955381e-05	0.504717	0.495283	1.02064	0.72835
83	-16895.42	-16895.53	0.1098864	0.8057	0.41823	-0.216044	-0.871724	0.0124098	-0.295712	0.0006526141	0.000119193	0.504717	0.495283	1.01249	0.744002
84	-16894.82	-16894.75	-0.06206361	0.827343	0.425384	-0.189536	-0.854764	0.0179227	-0.295712	0.0005491769	0.0002148784	0.72502	0.27498	1.01808	0.744002
85	-16894.11	-16894.02	-0.09521173	0.817136	0.447605	-0.201949	-0.803843	0.0179227	-0.295712	0.0005281955	0.0001690947	0.493126	0.506874	1.01808	0.744002
86	-16894.29	-16894.03	-0.2613093	0.817136	0.459237	-0.201949	-0.778188	0.0179227	-0.295712	0.0006820619	0.0002088106	0.518721	0.481279	1.01808	0.744002
87	-16895.65	-16895.39	-0.2605757	0.796059	0.459237	-0.228083	-0.778188	0.0180432	-0.297983	0.0006926204	0.000417539	0.518721	0.481279	1.01821	0.742314
88	-16895.52	-16895.41	-0.1088809	0.828484	0.439489	-0.188158	-0.822144	0.0180432	-0.327492	0.0005022023	0.0004261947	0.675559	0.324441	1.01821	0.720729
89	-16897.23	-16897.25	0.01742486	0.823794	0.39235	-0.193835	-0.9356	0.0384257	-0.322762	0.0008081265	0.0001829802	0.779827	0.220173	1.03917	0.724146
90	-16893.12	-16893.54	0.4220494	0.780829	0.423469	-0.247399	-0.859275	-0.0173864	-0.322762	0.0006557807	0.0001824935	0.779827	0.220173	0.982764	0.724146
91	-16893.81	-16893.98	0.1711334	0.798	0.421739	-0.225647	-0.863368	-0.0173864	-0.322762	0.001006628	0.0001553687	0.779827	0.220173	0.982764	0.724146
92	-16895.22	-16895.22	-0.001347139	0.798	0.445744	-0.225647	-0.80801	0.00775601	-0.325943	0.0008832988	0.0001555211	0.50523	0.49477	1.00779	0.721846
93	-16894.79	-16894.91	0.1206686	0.805186	0.420203	-0.216682	-0.867017	-0.0143515	-0.333739	0.001196083	5.906979e-05	0.50523	0.49477	0.985751	0.71624
94	-16894.12	-16894.22	0.1021509	0.805186	0.420203	-0.216682	-0.867017	-0.0143515	-0.310317	0.001037232	8.293316e-05	0.775777	0.224223	0.985751	0.733214
95	-16894.21	-16894.22	0.01073684	0.805186	0.443118	-0.216682	-0.813918	-0.0296601	-0.297365	0.001037232	6.205094e-05	0.789784	0.210216	0.970775	0.742773
96	-16893.96	-16893.8	-0.1675132	0.805186	0.443118	-0.216682	-0.813918	-0.0156215	-0.284904	0.001158912	5.977034e-05	0.789784	0.210216	0.9845	0.752087
97	-16894.66	-16894.53	-0.1274039	0.805186	0.443118	-0.216682	-0.813918	0.0245815	-0.284904	0.0007216332	5.760135e-05	0.69644	0.30356	1.02489	0.752087
98	-16894.09	-16893.44	-0.6476008	0.810343	0.477056	-0.210298	-0.74012	0.007825	-0.276308	0.001384079	6.4675e-05	0.69644	0.30356	1.00786	0.758579
99	-16895.48	-16894.46	-1.020474	0.810343	0.481338	-0.210298	-0.731186	0.007825	-0.257444	0.001920054	4.611586e-05	0.509631	0.490369	1.00786	0.773025
100	-16899.46	-16897.84	-1.613971	0.810343	0.50174	-0.210298	-0.689674	0.00732296	-0.275788	0.002988989	2.899353e-05	0.492382	0.507618	1.00735	0.758974
101	-16896.52	-16895.24	-1.283593	0.821666	0.492732	-0.196422	-0.70779	0.00252143	-0.249239	0.002195119	2.504959e-05	0.436092	0.563908	1.00252	0.779393
102	-16895.77	-16894.49	-1.277734	0.819093	0.492732	-0.199557	-0.70779	0.0031834	-0.249239	0.002195119	3.288372e-05	0.833819	0.166181	1.00319	0.779393
103	-16895.28	-16894.22	-1.051352	0.775544	0.49776	-0.25419	-0.697637	-0.0125329	-0.230895	0.002139772	3.288372e-05	0.833819	0.166181	0.987545	0.793823
104	-16893.96	-16893.02	-0.9422341	0.772243	0.514749	-0.258456	-0.664077	-0.0261206	-0.230895	0.001906563	3.591536e-05	0.833819	0.166181	0.974218	0.793823
105	-16893.46	-16892.79	-0.6671198	0.761845	0.512125	-0.272012	-0.669186	-0.0261206	-0.230895	0.001531024	2.160862e-05	0.625546	0.374454	0.974218	0.793823
106	-16893.31	-16892.59	-0.715247	0.761845	0.529292	-0.272012	-0.636215	-0.0428898	-0.22251	0.001531024	1.586374e-05	0.658564	0.341436	0.958017	0.800507
107	-16894.01	-16893.76	-0.2481153	0.761845	0.533402	-0.272012	-0.628479	-0.0717094	-0.227607	0.0008871851	2.460528e-05	0.658564	0.341436	0.930801	0.796437
108	-16892.23	-16892.12	-0.102251	0.734973	0.533402	-0.307921	-0.628479	-0.0717094	-0.227607	0.0008871851	1.587452e-05	0.733665	0.266335	0.930801	0.796437
109	-16893.98	-16894.25	0.2746626	0.68675	0.48266	-0.375785	-0.728443	-0.0717094	-0.23738	0.001257162	2.482089e-05	0.644841	0.355159	0.930801	0.788692
110	-16893	-16893.37	0.3744999	0.68675	0.48266	-0.375785	-0.728443	-0.0789697	-0.23738	0.001131976	2.384443e-05	0.827581	0.172419	0.924068	0.788692
111	-16891.65	-16892.6	0.9566585	0.68675	0.468113	-0.375785	-0.759045	-0.101835	-0.283209	0.0007197648	3.04006e-05	0.42523	0.57477	0.903178	0.753362
112	-16894.69	-16896.13	1.437643	0.639432	0.442889	-0.447175	-0.814436	-0.101835	-0.283209	0.0005593892	2.599786e-05	0.42523	0.57477	0.903178	0.753362
113	-16892.5	-16893.71	1.206105	0.684822	0.442895	-0.378597	-0.814423	-0.101835	-0.321731	0.0008255716	1.741943e-05	0.42523	0.57477	0.903178	0.724893
114	-16893.04	-16894.3	1.259986	0.682829	0.423946	-0.381511	-0.858149	-0.101835	-0.321731	0.0009419854	1.359047e-05	0.214222	0.785778	0.903178	0.724893
115	-16898.68	-16899.34	0.6601039	0.727565	0.415366	-0.318052	-0.878594	-0.00897138	-0.334262	0.0009928711	1.359047e-05	0.214222	0.785778	0.991069	0.715866
116	-16894.89	-16895.17	0.2885742	0.798944	0.415007	-0.224464	-0.879459	-0.00897138	-0.334262	0.0009928711	1.409313e-05	0.214222	0.785778	0.991069	0.715866
117	-16897.24	-16897.15	-0.0847387	0.798944	0.436279	-0.224464	-0.829474	-0.028399	-0.334262	0.001653732	1.494802e-05	0.214222	0.785778	0.972	0.715866
118	-16895	-16895.15	0.1507008	0.742788	0.436279	-0.297344	-0.829474	-0.0346323	-0.31174	0.001653732	1.517565e-05	0.262582	0.737418	0.965961	0.732172
119	-16892.46	-16893.12	0.6519899	0.742788	0.438046	-0.297344	-0.825432	-0.0420569	-0.317796	0.0007979117	1.517565e-05	0.631759	0.368241	0.958815	0.727751
120	-16894.58	-16895.47	0.8908214	0.750664	0.418443	-0.286797	-0.871215	-0.0420569	-0.363046	0.0007979117	9.717842e-06	0.624398	0.375602	0.958815	0.695554
121	-16895.61	-16896.85	1.237358	0.726812	0.405955	-0.319088	-0.901514	-0.0420569	-0.367279	0.0005367376	9.717842e-06	0.274099	0.725901	0.958815	0.692617
122	-16894.18	-16895.41	1.230016	0.726812	0.399949	-0.319088	-0.916417	-0.0420569	-0.330135	0.0003467332	9.717842e-06	0.53322	0.46678	0.958815	0.718826
123	-16894.96	-16895.93	0.9666931	0.726812	0.406576	-0.319088	-0.899984	-0.0301308	-0.330135	0.0006643682	1.794996e-05	0.456714	0.543286	0.970319	0.718826
124	-16893.25	-16893.98	0.7243793	0.766579	0.410528	-0.265818	-0.890311	-0.0301308	-0.330135	0.000677248	2.790671e-05	0.445925	0.554075	0.970319	0.718826
125	-16896.83	-16897.51	0.679906	0.76686	0.410528	-0.265451	-0.890311	-0.059407	-0.371367	0.001226198	0.000109883	0.549943	0.450057	0.942323	0.689791
126	-16894.23	-16894.55	0.3186151	0.76686	0.422118	-0.265451	-0.86247	-0.0110764	-0.320446	0.001013133	9.860955e-05	0.549943	0.450057	0.988985	0.725825
127	-16896.23	-16896.38	0.1514383	0.830324	0.408954	-0.185939	-0.894153	-0.0110764	-0.339309	0.001013133	6.502832e-05	0.549943	0.450057	0.988985	0.712262
128	-16894.29	-16894.81	0.517524	0.767185	0.403371	-0.265028	-0.907898	-0.0110764	-0.339309	0.001013133	4.518668e-05	0.735515	0.264485	0.988985	0.712262
129	-16895.53	-16895.8	0.2681236	0.80718	0.438159	-0.214209	-0.825174	-0.0110764	-0.339309	0.0007328865	5.132508e-05	0.345892	0.654108	0.988985	0.712262
130	-16895.9	-16896.31	0.4159483	0.80718	0.438338	-0.214209	-0.824766	-0.0169627	-0.339309	0.0005082663	4.741115e-05	0.270351	0.729649	0.98318	0.712262
131	-16897.67	-16897.79	0.1141215	0.738193	0.413424	-0.30355	-0.883282	-0.0169627	-0.329558	0.001915281	7.409972e-05	0.434342	0.565658	0.98318	0.719242
132	-16896.23	-16896.52	0.2923329	0.705038	0.427587	-0.349504	-0.849598	-0.0700673	-0.280878	0.001915281	3.430812e-05	0.434342	0.565658	0.932331	0.755121
133	-16893.01	-16893.08	0.07117887	0.726147	0.475286	-0.320003	-0.743839	-0.0743897	-0.280878	0.001650084	5.008092e-05	0.638667	0.361333	0.92831	0.755121
134	-16892.1	-16892.48	0.3741849	0.725415	0.475286	-0.321012	-0.743839	-0.0561815	-0.280878	0.0009270833	5.008092e-05	0.638667	0.361333	0.945368	0.755121
135	-16893.35	-16894.03	0.6779279	0.746683	0.455548	-0.292115	-0.786255	-0.0788807	-0.280878	0.0005422254	5.008092e-05	0.317715	0.682285	0.92415	0.755121
136	-16893.29	-16894.28	0.9915511	0.690136	0.454253	-0.370867	-0.789102	-0.0788807	-0.26935	0.0004437924	5.008092e-05	0.327678	0.672322	0.92415	0.763876
137	-16893.88	-16895.09	1.203721	0.702131	0.423158	-0.353636	-0.860011	-0.059823	-0.319627	0.000396196	0.0001027162	0.428218	0.571782	0.941931	0.72642
138	-16894.9	-16896.18	1.277327	0.763698	0.396834	-0.269583	-0.924237	-0.059823	-0.370903	0.0002983244	7.788191e-05	0.760157	0.239843	0.941931	0.690111
139	-16893.85	-16895.62	1.767192	0.69894	0.396834	-0.35819	-0.924237	-0.0964285	-0.375802	0.00037857	6.766612e-05	0.760157	0.239843	0.908075	0.686738
140	-16893.42	-16895.5	2.072077	0.656809	0.391495	-0.420362	-0.937782	-0.144455	-0.370492	0.0006097816	0.00010625	0.827468	0.172532	0.865494	0.690395
141	-16898.05	-16900.76	2.710896	0.61491	0.370147	-0.48628	-0.993854	-0.177264	-0.420811	0.0006097816	0.0001512503	0.372496	0.627504	0.837558	0.656514
142	-16893.74	-16895.87	2.133161	0.597029	0.434937	-0.515789	-0.832555	-0.202618	-0.333054	0.0009056343	7.586224e-05	0.677492	0.322508	0.81659	0.716732
143	-16895.52	-16897.63	2.103084	0.597029	0.418479	-0.515789	-0.871128	-0.162256	-0.28245	0.0004468443	6.452415e-05	0.677492	0.322508	0.850223	0.753934
144	-16892.75	-16894.74	1.989378	0.597029	0.450709	-0.515789	-0.796934	-0.162256	-0.296791	0.0004468443	5.561442e-05	0.677492	0.322508	0.850223	0.743199
145	-16892.05	-16893.95	1.895274	0.62657	0.435289	-0.467495	-0.831746	-0.152685	-0.296791	0.0004228038	3.255436e-05	0.677492	0.322508	0.8584	0.743199
146	-16892.35	-16894.08	1.735711	0.655834	0.43577	-0.421847	-0.830641	-0.152685	-0.296791	0.0004228038	2.85266e-05	0.60434	0.39566	0.8584	0.743199
147	-16894.3	-16896.46	2.16273	0.599361	0.43577	-0.511892	-0.830641	-0.1539	-0.335079	0.0004876702	2.785298e-05	0.60434	0.39566	0.857358	0.715282
148	-16894.13	-16896.56	2.432573	0.599361	0.419504	-0.511892	-0.868682	-0.176262	-0.355601	0.0004786916	2.088292e-05	0.60434	0.39566	0.838398	0.700752
149	-16893	-16895.11	2.108933	0.596413	0.432354	-0.516821	-0.838512	-0.176262	-0.286456	0.0004875526	2.088292e-05	0.761629	0.238371	0.838398	0.75092
150	-16891.9	-16893.87	1.969682	0.596413	0.463929	-0.516821	-0.768023	-0.184777	-0.286456	0.0004875526	2.663986e-05	0.761629	0.238371	0.83129	0.75092
151	-16893.49	-16895.34	1.855675	0.602964	0.463929	-0.505899	-0.768023	-0.172798	-0.315865	0.0007585273	2.361822e-05	0.761629	0.238371	0.841308	0.729158
152	-16892.79	-16894.55	1.756675	0.602964	0.456298	-0.505899	-0.784609	-0.156882	-0.274479	0.0005917162	2.097146e-05	0.52856	0.47144	0.854805	0.759968
153	-16893.79	-16894.45	0.6568636	0.732147	0.449973	-0.311774	-0.798567	-0.0976648	-0.274479	0.00092759	1.936731e-05	0.52856	0.47144	0.906953	0.759968
154	-16892.01	-16892.77	0.7537217	0.688769	0.45711	-0.37285	-0.782832	-0.0976648	-0.274479	0.001095429	3.114718e-05	0.539133	0.460867	0.906953	0.759968
155	-16892.48	-16893.1	0.615795	0.688769	0.455071	-0.37285	-0.787302	-0.0976648	-0.28542	0.001429301	6.09373e-05	0.539133	0.460867	0.906953	0.751699
156	-16892.67	-16894.11	1.437617	0.664683	0.432776	-0.408445	-0.837536	-0.117346	-0.28542	0.0005183689	5.942795e-05	0.539133	0.460867	0.889278	0.751699
157	-16892.91	-16893.95	1.041178	0.664654	0.468766	-0.408488	-0.757652	-0.0920605	-0.270895	0.0005258672	0.0001071933	0.539133	0.460867	0.91205	0.762697
158	-16893.19	-16894.1	0.9068275	0.664654	0.489097	-0.408488	-0.715195	-0.0920605	-0.270895	0.0005679815	0.0001071933	0.539133	0.460867	0.91205	0.762697
159	-16891.77	-16892.53	0.7605743	0.697676	0.470489	-0.360001	-0.753982	-0.092242	-0.270895	0.0006422544	0.0001693254	0.539133	0.460867	0.911884	0.762697
160	-16893.93	-16894.82	0.8927672	0.697676	0.4411	-0.360001	-0.818484	-0.0650891	-0.270895	0.0005066701	0.0001259849	0.878364	0.121636	0.936984	0.762697
161	-16892.36	-16892.9	0.532589	0.709227	0.483331	-0.34358	-0.727053	-0.0659586	-0.272175	0.0005066701	0.0002694564	0.878364	0.121636	0.93617	0.761721
162	-16896.01	-16895.55	-0.4595448	0.828113	0.508671	-0.188605	-0.675954	0.00212142	-0.272175	0.0003504902	0.000261412	0.878364	0.121636	1.00212	0.761721
163	-16898.53	-16898.41	-0.1194887	0.798193	0.497442	-0.225405	-0.698276	0.00212142	-0.306118	0.0003504902	0.0002788734	0.815605	0.184395	1.00212	0.7363
164	-16893.81	-16893.81	0.001176456	0.798193	0.453582	-0.225405	-0.79058	0.00212142	-0.306118	0.0005635527	0.0002941348	0.815605	0.184395	1.00212	0.7363
165	-16894.46	-16893.66	-0.7963906	0.798193	0.480012	-0.225405	-0.733944	0.00108753	-0.257394	0.001456365	0.0002789966	0.815605	0.184395	1.00109	0.773063
166	-16894.01	-16893.39	-0.616206	0.816596	0.480012	-0.202611	-0.733944	0.00108753	-0.272729	0.001052842	0.0002791829	0.815605	0.184395	1.00109	0.761299
167	-16895.16	-16894.25	-0.9119259	0.808013	0.480012	-0.213177	-0.733944	0.00511339	-0.275124	0.001639245	0.0003165176	0.815605	0.184395	1.00513	0.759478
168	-16894.42	-16893.74	-0.678048	0.796942	0.472832	-0.226973	-0.749016	0.00511339	-0.275124	0.001532377	0.0001640105	0.815605	0.184395	1.00513	0.759478
169	-16895.09	-16894.59	-0.5003627	0.830852	0.446282	-0.185303	-0.806805	0.020805	-0.31306	0.001281303	0.0001640105	0.78445	0.21555	1.02102	0.731206
170	-16896.2	-16895.02	-1.181515	0.830852	0.469462	-0.185303	-0.756168	0.0217943	-0.271	0.002036523	0.0001347072	0.78445	0.21555	1.02203	0.762616
171	-16898.38	-16897.03	-1.343121	0.830852	0.469462	-0.185303	-0.756168	0.0375813	-0.271	0.002036523	0.0002951132	0.272401	0.727599	1.0383	0.762616
172	-16897.01	-16895.7	-1.315126	0.830852	0.471684	-0.185303	-0.751445	0.0334293	-0.271	0.002056821	0.0002370665	0.711071	0.288929	1.03399	0.762616
173	-16897.04	-16895.84	-1.200146	0.830852	0.477892	-0.185303	-0.738371	0.0467851	-0.271	0.001687518	0.0002010772	0.688918	0.311082	1.0479	0.762616
174	-16897.03	-16895.78	-1.249427	0.837022	0.478838	-0.177905	-0.736392	0.0467851	-0.244884	0.001495474	0.0002183061	0.71615	0.28385	1.0479	0.782796
175	-16895.47	-16894.3	-1.169769	0.816662	0.494216	-0.20253	-0.704783	0.0166511	-0.244884	0.001495474	0.000380934	0.71615	0.28385	1.01679	0.782796
176	-16894.69	-16893.94	-0.7458884	0.816662	0.475951	-0.20253	-0.74244	0.0166511	-0.244884	0.0009720615	0.0002938068	0.984629	0.0153714	1.01679	0.782796
177	-16896.77	-16896.34	-0.4304198	0.777516	0.467883	-0.251651	-0.759537	0.0166511	-0.244884	0.0009426837	0.0001929835	0.984629	0.0153714	1.01679	0.782796
178	-16894.15	-16894.02	-0.1246311	0.824975	0.425242	-0.192402	-0.855097	0.0166511	-0.317585	0.0008578301	0.0002209302	0.984629	0.0153714	1.01679	0.727905
179	-16896.65	-16897.29	0.6388238	0.782319	0.369008	-0.245493	-0.996938	-0.0011471	-0.342187	0.0007293912	0.0002209302	0.984629	0.0153714	0.998854	0.710216
180	-16899.97	-16900.23	0.2577883	0.86405	0.369008	-0.146125	-0.996938	0.00322332	-0.355108	0.0006239591	0.0003090137	0.984629	0.0153714	1.00323	0.701098
181	-16899.84	-16899.53	-0.3142618	0.86405	0.382332	-0.146125	-0.961467	0.0852926	-0.355108	0.0009224909	0.0002014902	0.984629	0.0153714	1.08904	0.701098
182	-16899.21	-16898.66	-0.548334	0.899373	0.383147	-0.106058	-0.959338	0.0608862	-0.335041	0.001093328	0.0002180363	0.984629	0.0153714	1.06278	0.715309
183	-16897.16	-16896.57	-0.5903484	0.886626	0.402781	-0.120332	-0.909362	0.0608862	-0.335041	0.001201404	0.000114179	0.984629	0.0153714	1.06278	0.715309
184	-16897.34	-16896.87	-0.4644539	0.886626	0.415089	-0.120332	-0.879261	0.0392239	-0.335041	0.0009604936	0.0001944338	0.984629	0.0153714	1.04	0.715309
185	-16895.75	-16895.11	-0.6451002	0.851198	0.436341	-0.16111	-0.829332	0.0538785	-0.296852	0.0009900122	0.0002115521	0.984629	0.0153714	1.05536	0.743154
186	-16895.03	-16894.37	-0.6538644	0.865975	0.454705	-0.143899	-0.788106	0.0461137	-0.296852	0.0006652686	0.0002948438	0.984629	0.0153714	1.04719	0.743154
187	-16895.66	-16895	-0.652849	0.835662	0.454705	-0.179531	-0.788106	0.0461137	-0.296852	0.0008637112	0.000384354	0.984629	0.0153714	1.04719	0.743154
188	-16896.66	-16895.6	-1.063905	0.86594	0.454705	-0.14394	-0.788106	0.0461137	-0.26692	0.0009432149	0.000568274	0.984629	0.0153714	1.04719	0.765734
189	-16895.4	-16894.44	-0.9589437	0.851211	0.467755	-0.161095	-0.75981	0.0461137	-0.26692	0.0008942775	0.0004239752	0.984629	0.0153714	1.04719	0.765734
190	-16895.19	-16894.18	-1.004113	0.851211	0.470892	-0.161095	-0.753126	0.0449105	-0.272206	0.00115152	0.0002705156	0.984629	0.0153714	1.04593	0.761698
191	-16896.09	-16895.07	-1.023847	0.833961	0.484148	-0.181569	-0.725365	0.0405625	-0.279159	0.00115152	0.0004277253	0.984629	0.0153714	1.0414	0.756419
192	-16895.76	-16894.56	-1.192787	0.846388	0.484148	-0.166777	-0.725365	0.0446374	-0.243267	0.00115152	0.0003175009	0.984629	0.0153714	1.04565	0.784062
193	-16896.6	-16895.19	-1.410656	0.846388	0.485226	-0.166777	-0.72314	0.0446374	-0.243267	0.001444959	0.0004245181	0.984629	0.0153714	1.04565	0.784062
194	-16896.72	-16895.41	-1.312914	0.814887	0.485226	-0.204705	-0.72314	0.0184013	-0.23564	0.001746225	0.0004245181	0.984629	0.0153714	1.01857	0.790065
195	-16894.28	-16893.41	-0.8706733	0.836613	0.485226	-0.178393	-0.72314	0.0184013	-0.265739	0.001166039	0.0001894427	0.984629	0.0153714	1.01857	0.766639
196	-16892.78	-16892.77	-0.004840371	0.761543	0.461762	-0.272408	-0.772706	-0.0211511	-0.282145	0.0009909557	0.000184397	0.984629	0.0153714	0.979071	0.754165
197	-16891.97	-16892.65	0.6811775	0.729046	0.44255	-0.316019	-0.815201	-0.0633991	-0.282145	0.0006388606	0.0001331623	0.984629	0.0153714	0.938569	0.754165
198	-16892.02	-16892.53	0.5123662	0.729046	0.440935	-0.316019	-0.818859	-0.0633991	-0.296689	0.001091297	0.0001245063	0.984629	0.0153714	0.938569	0.743275
199	-16894.16	-16894.49	0.3250716	0.699099	0.477472	-0.357963	-0.739249	-0.101223	-0.299891	0.001623579	0.0002164391	0.984629	0.0153714	0.903731	0.740899
200	-16892.86	-16893.03	0.1725139	0.679087	0.485456	-0.387006	-0.722667	-0.101223	-0.248989	0.001623579	0.0002415941	0.984629	0.0153714	0.903731	0.779589
201	-16893.13	-16893.05	-0.08710111	0.701984	0.503286	-0.353845	-0.686597	-0.101223	-0.248989	0.001623579	0.000314129	0.984629	0.0153714	0.903731	0.779589
202	-16893.02	-16893.18	0.1588212	0.693188	0.474703	-0.366454	-0.745067	-0.101593	-0.267984	0.001686204	0.0003214834	0.984629	0.0153714	0.903398	0.76492
203	-16894.69	-16895.44	0.7477419	0.682254	0.450983	-0.382354	-0.796326	-0.142746	-0.267984	0.001273897	0.0003214834	0.984629	0.0153714	0.866975	0.76492
204	-16893.79	-16894.62	0.8260291	0.643103	0.450983	-0.44145	-0.796326	-0.142514	-0.267984	0.001505377	0.0003399474	0.984629	0.0153714	0.867175	0.76492
205	-16894.32	-16894.82	0.5028409	0.646419	0.45769	-0.436308	-0.781564	-0.142514	-0.291459	0.002165947	0.0003625013	0.984629	0.0153714	0.867175	0.747172
206	-16893.05	-16894.07	1.017954	0.629261	0.458362	-0.46321	-0.780096	-0.142514	-0.291459	0.001361992	0.0003625013	0.984629	0.0153714	0.867175	0.747172
207	-16891.99	-16893.31	1.32792	0.639266	0.441427	-0.447435	-0.817742	-0.142514	-0.291459	0.0010524	0.00015827	0.984629	0.0153714	0.867175	0.747172
208	-16893.44	-16894.17	0.7362216	0.639266	0.470075	-0.447435	-0.754864	-0.142514	-0.291459	0.001802474	0.0002298821	0.984629	0.0153714	0.867175	0.747172
209	-16895.24	-16895.6	0.3610843	0.61344	0.531321	-0.488673	-0.632388	-0.133647	-0.237947	0.001773525	0.000115999	0.94617	0.0538299	0.874899	0.788244
210	-16895.84	-16896.45	0.6068662	0.59405	0.501842	-0.520791	-0.68947	-0.14269	-0.237947	0.001893063	0.000115999	0.676409	0.323591	0.867023	0.788244
211	-16895.08	-16895.66	0.5838125	0.581809	0.535556	-0.541614	-0.624451	-0.192081	-0.234893	0.002147893	5.607879e-05	0.847964	0.152036	0.82524	0.790655
212	-16895.11	-16895.79	0.6795858	0.581809	0.517165	-0.541614	-0.659393	-0.190551	-0.234893	0.002147893	5.526767e-05	0.328392	0.671608	0.826504	0.790655
213	-16895.56	-16896.01	0.4522125	0.62097	0.517165	-0.476473	-0.659393	-0.190551	-0.234893	0.002147893	7.890891e-05	0.328392	0.671608	0.826504	0.790655
214	-16896.3	-16896.98	0.6828221	0.590556	0.487964	-0.526691	-0.717514	-0.196858	-0.234893	0.002267851	0.0001935979	0.328392	0.671608	0.821307	0.790655
215	-16897.37	-16898.49	1.117216	0.590556	0.464721	-0.526691	-0.766319	-0.199369	-0.234893	0.001764335	0.0001381316	0.328392	0.671608	0.819248	0.790655
216	-16895.08	-16895.77	0.6882229	0.603959	0.492809	-0.504249	-0.707634	-0.16595	-0.234893	0.001764335	0.000249135	0.328392	0.671608	0.847088	0.790655
217	-16894.13	-16895.25	1.124469	0.60356	0.467611	-0.504911	-0.760118	-0.178336	-0.279392	0.001764335	0.0001302229	0.328392	0.671608	0.836661	0.756244
218	-16897.14	-16897.33	0.1840116	0.645349	0.470106	-0.437963	-0.754797	-0.0907568	-0.286705	0.00245447	8.938876e-05	0.855174	0.144826	0.91324	0.750733
219	-16897.68	-16897.97	0.2909637	0.645349	0.449777	-0.437963	-0.799004	-0.0907568	-0.282593	0.00245447	6.729075e-05	0.597148	0.402852	0.91324	0.753827
220	-16895.59	-16896.11	0.520562	0.612201	0.482294	-0.490695	-0.729201	-0.144278	-0.280195	0.00245447	6.786042e-05	0.616395	0.383605	0.865647	0.755636
221	-16894.19	-16895.1	0.908544	0.612201	0.456799	-0.490695	-0.783513	-0.141355	-0.280195	0.001950579	7.94632e-05	0.95877	0.0412298	0.868181	0.755636
222	-16894.29	-16896.19	1.900603	0.581916	0.412404	-0.541429	-0.885753	-0.206174	-0.323889	0.001668958	0.0001005572	0.95877	0.0412298	0.813692	0.72333
223	-16896.81	-16898.15	1.341651	0.604047	0.443525	-0.504104	-0.813002	-0.216405	-0.323889	0.002257957	0.0001005572	0.95877	0.0412298	0.805409	0.72333
224	-16897.88	-16898.16	0.277979	0.625018	0.447074	-0.469974	-0.805032	-0.149592	-0.323889	0.003483081	9.627068e-05	0.95877	0.0412298	0.861059	0.72333
225	-16901.66	-16902.47	0.8155076	0.573863	0.402577	-0.555364	-0.909868	-0.188158	-0.323889	0.003605137	0.00025463	0.208832	0.791168	0.828484	0.72333
226	-16900.36	-16901.04	0.6829492	0.602709	0.431415	-0.506321	-0.840686	-0.207609	-0.316513	0.003156094	0.000462663	0.208832	0.791168	0.812525	0.728686
227	-16900.87	-16901.11	0.2435987	0.600261	0.43499	-0.510391	-0.832433	-0.207609	-0.316513	0.003815359	0.0006223817	0.958779	0.0412211	0.812525	0.728686
228	-16902.99	-16903.63	0.6413365	0.553514	0.410496	-0.591468	-0.890389	-0.184569	-0.344041	0.003815359	0.0006223817	0.958779	0.0412211	0.831462	0.7089
229	-16897.79	-16899.07	1.271769	0.585779	0.400262	-0.534813	-0.915636	-0.19423	-0.344041	0.002517911	0.0005721724	0.958779	0.0412211	0.823469	0.7089
230	-16897.59	-16898.65	1.057289	0.622907	0.390117	-0.473358	-0.941308	-0.164664	-0.344041	0.002236091	0.0007379626	0.958779	0.0412211	0.848179	0.7089
231	-16895.42	-16896.97	1.551688	0.605892	0.40766	-0.501054	-0.897322	-0.180783	-0.344041	0.00156988	0.0006006772	0.958779	0.0412211	0.834617	0.7089
232	-16896.49	-16897.72	1.235845	0.605892	0.40766	-0.501054	-0.897322	-0.180783	-0.317082	0.00197107	0.0006019443	0.958779	0.0412211	0.834617	0.728271
233	-16896.27	-16897.13	0.8617798	0.605892	0.439479	-0.501054	-0.822166	-0.180783	-0.304621	0.00197107	0.0008935182	0.958779	0.0412211	0.834617	0.737403
234	-16895.12	-16896.07	0.9527451	0.628248	0.448081	-0.464821	-0.802781	-0.175387	-0.304621	0.001615161	0.0007144853	0.958779	0.0412211	0.839132	0.737403
235	-16894.28	-16895.64	1.360068	0.596143	0.435775	-0.517274	-0.83063	-0.172726	-0.304621	0.001615161	0.0003820692	0.958779	0.0412211	0.841368	0.737403
236	-16895.03	-16896.35	1.322733	0.616085	0.435775	-0.484371	-0.83063	-0.189253	-0.305071	0.001615161	0.0003820692	0.520891	0.479109	0.827577	0.737071
237	-16894.09	-16895.46	1.373535	0.623711	0.435775	-0.472068	-0.83063	-0.171432	-0.2924	0.001191585	0.0003941479	0.520891	0.479109	0.842458	0.74647
238	-16894.46	-16896.6	2.138135	0.600141	0.405786	-0.510591	-0.90193	-0.177107	-0.352686	0.0008642291	0.0003085395	0.520891	0.479109	0.83769	0.702798
239	-16894.84	-16896.99	2.154768	0.600141	0.411739	-0.510591	-0.887366	-0.179999	-0.352686	0.0007698428	0.0003347264	0.411319	0.588681	0.835271	0.702798
240	-16896.82	-16898.7	1.875257	0.602279	0.411739	-0.507034	-0.887366	-0.208785	-0.351994	0.001361929	0.0004727847	0.442232	0.557768	0.81157	0.703284
241	-16900.49	-16901.7	1.207106	0.602279	0.433067	-0.507034	-0.836863	-0.23156	-0.31865	0.001735321	0.001083284	0.442232	0.557768	0.793295	0.72713
242	-16900.68	-16902.03	1.351718	0.557217	0.417032	-0.584801	-0.874592	-0.23156	-0.31865	0.001735321	0.001442566	0.238903	0.761097	0.793295	0.72713
243	-16899.75	-16901.6	1.85134	0.569699	0.410212	-0.562648	-0.891082	-0.232692	-0.317762	0.0007322916	0.001442566	0.238903	0.761097	0.792398	0.727776
244	-16898.94	-16900.11	1.165744	0.596008	0.424694	-0.517501	-0.856387	-0.185809	-0.317762	0.001007006	0.001673526	0.238903	0.761097	0.830432	0.727776
245	-16899.31	-16900.74	1.429679	0.613552	0.39368	-0.48849	-0.932218	-0.177608	-0.317525	0.0009477991	0.001297309	0.238903	0.761097	0.83727	0.727948
246	-16897.15	-16898.5	1.349359	0.613552	0.421908	-0.48849	-0.862968	-0.177608	-0.309165	0.0008757908	0.001175755	0.238903	0.761097	0.83727	0.734059
247	-16897.1	-16898.31	1.215696	0.604839	0.428717	-0.502793	-0.846958	-0.174087	-0.320915	0.001206466	0.001175755	0.341198	0.658802	0.840224	0.725485
248	-16895.93	-16897.18	1.245218	0.628295	0.428717	-0.464746	-0.846958	-0.174087	-0.299254	0.001140187	0.0007852067	0.348011	0.651989	0.840224	0.741371
249	-16899.77	-16901.2	1.431561	0.6234	0.465891	-0.472566	-0.763803	-0.141261	-0.341898	0.0008005021	0.0004819272	0.348011	0.651989	0.868263	0.710421
250	-16894.66	-16895.87	1.208422	0.617109	0.489566	-0.482709	-0.714237	-0.148755	-0.234159	0.0003849826	0.000397254	0.348011	0.651989	0.86178	0.791236
251	-16896.67	-16897.23	0.5587193	0.667308	0.489566	-0.404504	-0.714237	-0.148755	-0.23888	0.0004000493	0.001130913	0.348011	0.651989	0.86178	0.78751
252	-16895.55	-16896.12	0.5668338	0.645041	0.489566	-0.438441	-0.714237	-0.148755	-0.23888	0.0005090961	0.001234342	0.712101	0.287899	0.86178	0.78751
253	-16897.22	-16897.65	0.4305417	0.632708	0.523199	-0.457746	-0.647794	-0.148755	-0.23888	0.0003253052	0.001450891	0.712101	0.287899	0.86178	0.78751
254	-16895.94	-16895.99	0.04328454	0.667288	0.50341	-0.404534	-0.686351	-0.134406	-0.23888	0.0007913721	0.001450891	0.712101	0.287899	0.874235	0.78751
255	-16896.87	-16896.98	0.1100926	0.667288	0.532755	-0.404534	-0.629693	-0.131011	-0.23888	0.0004541402	0.001326794	0.785631	0.214369	0.877208	0.78751
256	-16895.27	-16895.68	0.4169164	0.69608	0.489716	-0.36229	-0.713929	-0.131011	-0.23888	0.0005105752	0.0008481412	0.867166	0.132834	0.877208	0.78751
257	-16895.05	-16894.89	-0.1558044	0.699096	0.539302	-0.357967	-0.61748	-0.101282	-0.232955	0.000777509	0.0008195114	0.867166	0.132834	0.903678	0.79219
258	-16893.32	-16893.34	0.0176096	0.708051	0.512473	-0.345239	-0.668507	-0.101282	-0.221222	0.000777509	0.0005908734	0.953588	0.046412	0.903678	0.801539
259	-16893.18	-16893.54	0.3609345	0.708051	0.476904	-0.345239	-0.74044	-0.101282	-0.249317	0.0007532764	0.0005549377	0.953588	0.046412	0.903678	0.779333
260	-16893.35	-16893.68	0.3288638	0.676193	0.485345	-0.391277	-0.722896	-0.0923962	-0.249317	0.0009641434	0.0005637261	0.953588	0.046412	0.911744	0.779333
261	-16895.55	-16895.95	0.3934227	0.702383	0.453011	-0.353276	-0.791839	-0.107954	-0.249317	0.001044597	0.0005637261	0.953588	0.046412	0.897669	0.779333
262	-16894.23	-16894.32	0.08783357	0.658993	0.507264	-0.417042	-0.678725	-0.109371	-0.221024	0.001255021	0.0005997482	0.953588	0.046412	0.896398	0.801697
263	-16895.74	-16895.45	-0.2873056	0.702393	0.565198	-0.353262	-0.570579	-0.0749138	-0.221024	0.0008282114	0.0003955818	0.93792	0.0620804	0.927823	0.801697
264	-16894.9	-16894.43	-0.4672488	0.717069	0.548878	-0.332583	-0.599879	-0.0891691	-0.183131	0.0005868133	0.0008220164	0.93792	0.0620804	0.914691	0.832659
265	-16895.61	-16894.97	-0.6473819	0.726576	0.544136	-0.319413	-0.608555	-0.0891691	-0.183131	0.0008814747	0.0008220164	0.857812	0.142188	0.914691	0.832659
266	-16894.76	-16894.54	-0.2206491	0.692967	0.538596	-0.366774	-0.61879	-0.080675	-0.22129	0.0007005435	0.0008220164	0.857812	0.142188	0.922493	0.801484
267	-16895.46	-16894.82	-0.6446431	0.692967	0.538596	-0.366774	-0.61879	-0.080675	-0.193608	0.001248346	0.0008571721	0.945584	0.0544162	0.922493	0.82398
268	-16894.41	-16893.85	-0.5599611	0.715773	0.515809	-0.334393	-0.662019	-0.080675	-0.229021	0.001434342	0.0007980418	0.945584	0.0544162	0.922493	0.795312
269	-16898.79	-16897.84	-0.9470959	0.715723	0.541819	-0.334463	-0.612823	-0.080675	-0.232215	0.001434342	0.001282838	0.243199	0.756801	0.922493	0.792775
270	-16899.19	-16898.09	-1.098257	0.702924	0.541339	-0.352506	-0.61371	-0.0954836	-0.232215	0.001980282	0.001282838	0.404028	0.595972	0.908933	0.792775
271	-16895.65	-16895.08	-0.5688471	0.717868	0.524798	-0.33147	-0.644741	-0.0700526	-0.232215	0.001113166	0.00095428	0.404028	0.595972	0.932345	0.792775
272	-16896.31	-16895.76	-0.5493003	0.711679	0.523606	-0.340128	-0.647016	-0.112717	-0.213227	0.001752557	0.0005679922	0.505288	0.494712	0.893404	0.807973
273	-16895.29	-16894.86	-0.4267099	0.709941	0.547102	-0.342574	-0.603121	-0.112717	-0.213227	0.001468383	0.0003922901	0.641179	0.358821	0.893404	0.807973
274	-16894.56	-16894.28	-0.2762605	0.729651	0.527964	-0.31519	-0.638727	-0.0955483	-0.211559	0.0009081295	0.0005124593	0.641179	0.358821	0.908874	0.809322
275	-16897.03	-16895.66	-1.374529	0.771825	0.527964	-0.258998	-0.638727	-0.00304344	-0.211559	0.001587422	0.0006805048	0.641179	0.358821	0.996961	0.809322
276	-16895.34	-16894.87	-0.4631008	0.803137	0.441299	-0.21923	-0.818033	-0.0178805	-0.296406	0.001587422	0.0003341283	0.828842	0.171158	0.982278	0.743486
277	-16897.02	-16896.32	-0.7026768	0.819211	0.445521	-0.199414	-0.80851	-0.0178805	-0.296406	0.002032917	0.0001418236	0.828842	0.171158	0.982278	0.743486
278	-16894.26	-16893.98	-0.2869823	0.777517	0.446723	-0.25165	-0.805816	-0.0100882	-0.296406	0.001554735	0.0001590773	0.828842	0.171158	0.989963	0.743486
279	-16894.14	-16893.93	-0.2023555	0.800438	0.437685	-0.222596	-0.826256	-0.0100882	-0.294661	0.001118173	0.0002914809	0.828842	0.171158	0.989963	0.744784
280	-16894.66	-16894.18	-0.4813922	0.800438	0.460468	-0.222596	-0.775512	-0.00453619	-0.294661	0.001088806	0.0005630933	0.828842	0.171158	0.995474	0.744784
281	-16897.53	-16897.15	-0.3819798	0.800438	0.460468	-0.222596	-0.775512	-0.0259217	-0.263559	0.001059573	0.0003625775	0.0523006	0.947699	0.974411	0.768312
282	-16895.94	-16895.63	-0.3185808	0.77978	0.478199	-0.248744	-0.737728	-0.0259217	-0.263559	0.0009269462	0.0003932483	0.0523006	0.947699	0.974411	0.768312
283	-16898.86	-16898.68	-0.1778503	0.728387	0.451959	-0.316922	-0.794163	-0.0485488	-0.255904	0.00149863	0.0004787503	0.0523006	0.947699	0.952611	0.774216
284	-16898.34	-16898.05	-0.2804466	0.6926	0.465956	-0.367302	-0.763665	-0.0805428	-0.272157	0.002307983	0.0004787503	0.0523006	0.947699	0.922615	0.761734
285	-16898.57	-16898.47	-0.09562432	0.6926	0.456122	-0.367302	-0.784996	-0.0866995	-0.303023	0.002307983	0.0005139988	0.0523006	0.947699	0.916953	0.738582
286	-16897.17	-16897.07	-0.1019926	0.663275	0.474333	-0.410566	-0.745846	-0.102842	-0.268375	0.002307983	0.0005139988	0.177167	0.822833	0.90227	0.764621
287	-16897.02	-16897.2	0.1721431	0.66069	0.473007	-0.414471	-0.748645	-0.160412	-0.268375	0.002307983	0.0005139988	0.480655	0.519345	0.851793	0.764621
288	-16897.03	-16897.16	0.133029	0.630772	0.473007	-0.460811	-0.748645	-0.140409	-0.291101	0.002962537	0.0002465424	0.480655	0.519345	0.869003	0.74744
289	-16898.49	-16898.98	0.489375	0.624073	0.43437	-0.471488	-0.833858	-0.116727	-0.291101	0.002593835	0.0002133952	0.480655	0.519345	0.889828	0.74744
290	-16894.01	-16894.75	0.7345529	0.656004	0.478234	-0.421588	-0.737655	-0.13102	-0.291101	0.001338319	0.0003428853	0.480655	0.519345	0.8772	0.74744
291	-16894.3	-16894.17	-0.129455	0.713778	0.478234	-0.337183	-0.737655	-0.0742068	-0.279131	0.001917736	0.0002402745	0.514739	0.485261	0.92848	0.756441
292	-16894.35	-16894.23	-0.1156728	0.711506	0.470846	-0.340371	-0.753224	-0.0830992	-0.259245	0.001917736	0.0002402745	0.514739	0.485261	0.92026	0.771634
293	-16896.51	-16895.6	-0.908962	0.711506	0.551242	-0.340371	-0.595581	-0.0830992	-0.223942	0.00223022	0.0003152811	0.554566	0.445434	0.92026	0.799361
294	-16895.21	-16894.8	-0.4122275	0.670534	0.51966	-0.39968	-0.65458	-0.107543	-0.231521	0.00223022	0.0003883522	0.534616	0.465384	0.898038	0.793326
295	-16895.53	-16894.99	-0.5396296	0.670534	0.550435	-0.39968	-0.597047	-0.122974	-0.212737	0.0021742	0.0003461633	0.587292	0.412708	0.884287	0.808369
296	-16894	-16893.77	-0.22332	0.670534	0.540401	-0.39968	-0.615443	-0.122974	-0.212737	0.0018115	0.0002160082	0.554001	0.445999	0.884287	0.808369
297	-16895.18	-16894.72	-0.4540046	0.687147	0.540401	-0.375207	-0.615443	-0.122974	-0.212737	0.001937021	0.0003575654	0.554001	0.445999	0.884287	0.808369
298	-16894.52	-16894.68	0.1598992	0.63847	0.533813	-0.448681	-0.62771	-0.122974	-0.212737	0.001252267	0.0004481739	0.554001	0.445999	0.884287	0.808369
299	-16894.59	-16894.44	-0.1489787	0.707917	0.533813	-0.345428	-0.62771	-0.116479	-0.227635	0.001269956	0.0003693665	0.815853	0.184147	0.890049	0.796415
300	-16892.7	-16893.12	0.4205912	0.680731	0.510645	-0.384588	-0.67208	-0.11971	-0.224075	0.0007688353	0.0003108193	0.541182	0.458818	0.887178	0.799255
301	-16892.4	-16892.77	0.3698265	0.680731	0.503222	-0.384588	-0.686724	-0.11971	-0.253412	0.00120962	0.0002698627	0.903751	0.0962494	0.887178	0.776148
302	-16893.59	-16893.86	0.2663991	0.69964	0.503222	-0.35719	-0.686724	-0.11971	-0.225921	0.0008040476	0.0004674682	0.92264	0.07736	0.887178	0.797781
303	-16892.89	-16893.49	0.6024894	0.66731	0.503222	-0.4045	-0.686724	-0.134854	-0.225921	0.0006230991	0.0004674682	0.92264	0.07736	0.873844	0.797781
304	-16892.79	-16893.15	0.3513076	0.688724	0.529547	-0.372914	-0.635733	-0.127915	-0.225921	0.0007681248	0.0002464799	0.92264	0.07736	0.879928	0.797781
305	-16894.56	-16895.36	0.7987512	0.687965	0.468461	-0.374017	-0.758303	-0.1156	-0.294207	0.001046562	0.0001838687	0.0903806	0.909619	0.890832	0.745122
306	-16895.31	-16896.82	1.508247	0.650406	0.423002	-0.430159	-0.860378	-0.15279	-0.294207	0.0009640143	8.501953e-05	0.0903806	0.909619	0.85831	0.745122
307	-16896.41	-16898.05	1.636111	0.650406	0.436979	-0.430159	-0.827871	-0.15279	-0.346263	0.0009640143	7.872613e-05	0.0903806	0.909619	0.85831	0.707327
308	-16893.65	-16895.74	2.092379	0.62339	0.411127	-0.472583	-0.888853	-0.15102	-0.356307	0.0006934891	8.511409e-05	0.560251	0.439749	0.85983	0.700257
309	-16893.51	-16895.37	1.857992	0.635479	0.434561	-0.453376	-0.833419	-0.17727	-0.328153	0.0007851997	8.511409e-05	0.560251	0.439749	0.837553	0.720253
310	-16893.45	-16894.99	1.535609	0.613943	0.434561	-0.487852	-0.833419	-0.17727	-0.295229	0.001310172	0.0001507046	0.560251	0.439749	0.837553	0.744361
311	-16894.84	-16896.51	1.674348	0.597201	0.444929	-0.515502	-0.809841	-0.170234	-0.330842	0.001345094	0.0001238907	0.560251	0.439749	0.843467	0.718319
312	-16895.38	-16897.34	1.96212	0.57764	0.417502	-0.548805	-0.873466	-0.16876	-0.327986	0.001121181	0.0002555014	0.574073	0.425927	0.844712	0.720373
313	-16893.57	-16894.88	1.3167	0.641019	0.433575	-0.444696	-0.835691	-0.143493	-0.327986	0.0013899	0.0001802135	0.574073	0.425927	0.866327	0.720373
314	-16895.99	-16896.15	0.1677652	0.665249	0.474589	-0.407594	-0.745305	-0.0851188	-0.249939	0.001578382	0.0004201219	0.574073	0.425927	0.918403	0.778848
315	-16897.62	-16897.3	-0.3262013	0.665249	0.536258	-0.407594	-0.623139	-0.115299	-0.249939	0.001928383	0.0006149967	0.574073	0.425927	0.891099	0.778848
316	-16897.94	-16898.05	0.1040142	0.665249	0.453289	-0.407594	-0.791225	-0.105161	-0.246468	0.002010736	0.0004730296	0.574073	0.425927	0.900179	0.781556
317	-16895.17	-16894.86	-0.3112715	0.712592	0.498992	-0.338846	-0.695165	-0.105161	-0.255206	0.001962567	0.0004175739	0.705192	0.294808	0.900179	0.774757
318	-16894.95	-16894.98	0.02808612	0.664061	0.478647	-0.409382	-0.736792	-0.105161	-0.255206	0.001962567	0.0004803534	0.705192	0.294808	0.900179	0.774757
319	-16895.51	-16895.51	0.0009235035	0.657027	0.478647	-0.42003	-0.736792	-0.135233	-0.254108	0.002328531	0.0004807007	0.633993	0.366007	0.873512	0.775608
320	-16898.26	-16897.98	-0.2872676	0.657027	0.478647	-0.42003	-0.736792	-0.135233	-0.260129	0.002692533	0.0007071313	0.163018	0.836982	0.873512	0.770952
321	-16898.43	-16899	0.5648987	0.657027	0.434029	-0.42003	-0.834643	-0.155069	-0.308835	0.002070494	0.0007071313	0.109305	0.890695	0.856356	0.734302
322	-16896.15	-16896.76	0.6123421	0.638404	0.434029	-0.448784	-0.834643	-0.122407	-0.310935	0.001917375	0.0007071313	0.796158	0.203842	0.884788	0.732761
323	-16895.59	-16896.17	0.5803244	0.643188	0.446118	-0.441319	-0.807172	-0.122407	-0.310935	0.001917375	0.0005941756	0.796158	0.203842	0.884788	0.732761
324	-16895.32	-16895.97	0.6467366	0.643188	0.446118	-0.441319	-0.807172	-0.136124	-0.310935	0.001917375	0.0005827122	0.651209	0.348791	0.872734	0.732761
325	-16893.21	-16894.86	1.651287	0.643188	0.416631	-0.441319	-0.875554	-0.136124	-0.331551	0.0005946124	0.0004586576	0.819435	0.180565	0.872734	0.717809
326	-16893.7	-16894.6	0.9050413	0.68772	0.43548	-0.374374	-0.831305	-0.123269	-0.32275	0.001357707	0.0002885583	0.819435	0.180565	0.884026	0.724155
327	-16895.08	-16896.16	1.085677	0.634195	0.473052	-0.4554	-0.748551	-0.135663	-0.314751	0.001357707	0.0001503457	0.819435	0.180565	0.873137	0.72997
328	-16893.19	-16894.04	0.8544336	0.659952	0.443795	-0.415588	-0.812393	-0.125739	-0.294511	0.001296854	0.0004557839	0.819435	0.180565	0.881845	0.744896
329	-16893.64	-16895.25	1.611479	0.598206	0.438147	-0.51382	-0.825201	-0.160168	-0.294511	0.001035798	0.0002641255	0.819435	0.180565	0.852001	0.744896
330	-16892.88	-16894.77	1.889354	0.598206	0.438147	-0.51382	-0.825201	-0.196332	-0.292459	0.0008778684	0.0001726736	0.819435	0.180565	0.821739	0.746426
331	-16892.54	-16893.5	0.9539918	0.642224	0.475959	-0.442819	-0.742424	-0.133391	-0.261492	0.0007993552	0.0004295152	0.819435	0.180565	0.875123	0.769902
332	-16892.41	-16893.83	1.421076	0.625915	0.461556	-0.468541	-0.773152	-0.146933	-0.261492	0.0006129054	0.000162595	0.819435	0.180565	0.863352	0.769902
333	-16894.25	-16895.78	1.524519	0.668845	0.433951	-0.402203	-0.834824	-0.146933	-0.291205	0.0004382393	0.0002093834	0.268835	0.731165	0.863352	0.747362
334	-16895.44	-16896.74	1.304565	0.674445	0.472357	-0.393865	-0.750021	-0.146933	-0.306906	0.0005496434	0.0001755346	0.268835	0.731165	0.863352	0.73572
335	-16893.93	-16895.71	1.776688	0.66527	0.413312	-0.407562	-0.883553	-0.146933	-0.330284	0.0005335365	0.0001703343	0.268835	0.731165	0.863352	0.718719
336	-16893.87	-16895.62	1.751888	0.636706	0.421717	-0.451447	-0.86342	-0.11847	-0.327772	0.0005335365	0.0001703343	0.480004	0.519996	0.888278	0.720528
337	-16893.5	-16895.21	1.708547	0.622537	0.431398	-0.473953	-0.840725	-0.151157	-0.30864	0.0007740137	0.000190413	0.254899	0.745101	0.859713	0.734445
338	-16892.39	-16894.08	1.691844	0.622537	0.431398	-0.473953	-0.840725	-0.164475	-0.30292	0.0009914848	7.111456e-05	0.626917	0.373083	0.848339	0.738658
339	-16894.76	-16897.05	2.288371	0.543744	0.448074	-0.609277	-0.802797	-0.255204	-0.30292	0.0012151	8.233241e-05	0.572859	0.427141	0.774758	0.738658
340	-16896.35	-16898.73	2.37832	0.504595	0.438778	-0.684	-0.823762	-0.255204	-0.289405	0.001450313	8.233241e-05	0.636535	0.363465	0.774758	0.748709
341	-16895.24	-16897.49	2.249338	0.516555	0.454201	-0.660573	-0.789216	-0.255204	-0.289405	0.001364886	0.0001273702	0.636535	0.363465	0.774758	0.748709
342	-16897.17	-16899.14	1.964753	0.516555	0.471104	-0.660573	-0.752677	-0.216367	-0.28106	0.001364886	0.0001273702	0.441237	0.558763	0.80544	0.754983
343	-16895.75	-16896.99	1.240779	0.570872	0.480539	-0.56059	-0.732848	-0.216367	-0.28106	0.002034399	0.000160131	0.337057	0.662943	0.80544	0.754983
344	-16894.86	-16895.84	0.9805029	0.593999	0.463116	-0.520878	-0.769777	-0.176875	-0.28106	0.002034399	0.0002787913	0.567242	0.432758	0.837885	0.754983
345	-16895.03	-16895.98	0.944294	0.599742	0.455444	-0.511255	-0.786482	-0.176875	-0.28106	0.002122719	0.0002787913	0.567242	0.432758	0.837885	0.754983
346	-16896.01	-16896.7	0.693252	0.628043	0.455444	-0.465147	-0.786482	-0.176875	-0.298017	0.002430532	0.0002787913	0.542508	0.457492	0.837885	0.742289
347	-16895.32	-16896.71	1.391734	0.631112	0.4292	-0.460273	-0.845833	-0.182234	-0.329681	0.001496912	0.0004052802	0.688402	0.311598	0.833406	0.719153
348	-16894.87	-16895.9	1.02825	0.631112	0.44057	-0.460273	-0.819686	-0.124019	-0.316728	0.001496912	0.0004052802	0.812869	0.187131	0.883363	0.728529
349	-16894.52	-16895.76	1.239293	0.631112	0.44057	-0.460273	-0.819686	-0.116331	-0.316728	0.001172037	0.0002670534	0.812869	0.187131	0.89018	0.728529
350	-16893.84	-16895.38	1.541923	0.631112	0.408666	-0.460273	-0.894858	-0.155902	-0.316728	0.001262036	0.0002578273	0.786731	0.213269	0.855643	0.728529
351	-16894.65	-16896.69	2.034638	0.597939	0.408666	-0.514266	-0.894858	-0.151703	-0.316728	0.0006850105	0.0002124175	0.786731	0.213269	0.859243	0.728529
352	-16893.23	-16895.08	1.845883	0.64871	0.403733	-0.432769	-0.907001	-0.151703	-0.346772	0.0007160786	0.0002802704	0.786731	0.213269	0.859243	0.706967
353	-16894.61	-16896.37	1.761774	0.670779	0.376372	-0.399315	-0.977176	-0.115169	-0.388215	0.001010507	0.0001777752	0.722842	0.277158	0.891215	0.678267
354	-16896.63	-16898.39	1.76079	0.668826	0.377708	-0.402232	-0.973633	-0.121072	-0.314843	0.0004754415	0.0002503834	0.722842	0.277158	0.88597	0.729903
355	-16893.26	-16894.76	1.49685	0.672711	0.416659	-0.396439	-0.875488	-0.121072	-0.314843	0.0004754415	0.0003211627	0.462396	0.537604	0.88597	0.729903
356	-16893.01	-16894.44	1.423973	0.672711	0.416659	-0.396439	-0.875488	-0.121072	-0.319687	0.0004754415	0.0004941578	0.910076	0.0899235	0.88597	0.726376
357	-16892.13	-16893.58	1.458073	0.674837	0.433874	-0.393284	-0.835001	-0.111188	-0.319687	0.0003951952	0.0002298549	0.910076	0.0899235	0.89477	0.726376
358	-16893.23	-16894.66	1.424412	0.705763	0.404163	-0.348476	-0.905936	-0.0962627	-0.328978	0.0003033315	0.000315012	0.910076	0.0899235	0.908225	0.719659
359	-16895.28	-16896.3	1.023887	0.727122	0.394544	-0.318661	-0.930025	-0.0491296	-0.340165	0.0002790223	0.0006519009	0.910076	0.0899235	0.952058	0.711653
360	-16896.45	-16897.66	1.210972	0.74185	0.392578	-0.298609	-0.935019	-0.0491296	-0.387435	0.0002790223	0.0005031501	0.910076	0.0899235	0.952058	0.678796
361	-16896.98	-16897.79	0.8168401	0.784643	0.371197	-0.242526	-0.991021	0.00228022	-0.387435	0.0003536569	0.0005031501	0.910076	0.0899235	1.00228	0.678796
362	-16897.05	-16897.7	0.648421	0.828325	0.375456	-0.188349	-0.979614	0.00228022	-0.392636	0.0004122828	0.0003324427	0.910076	0.0899235	1.00228	0.675275
363	-16895.84	-16896.4	0.5600817	0.794119	0.403971	-0.230522	-0.906412	0.00228022	-0.369582	0.0004658857	0.0003356973	0.910076	0.0899235	1.00228	0.691023
364	-16894.53	-16894.74	0.209947	0.779123	0.420159	-0.249587	-0.867122	0.00228022	-0.327431	0.0009437607	0.0002029788	0.910076	0.0899235	1.00228	0.720773
365	-16894.56	-16894.44	-0.1247885	0.818374	0.437612	-0.200435	-0.826423	0.00228022	-0.324386	0.0008948204	0.0003012189	0.910076	0.0899235	1.00228	0.722971
366	-16897.59	-16896.92	-0.668526	0.819047	0.437612	-0.199614	-0.826423	0.00228022	-0.274015	0.001563822	0.0002813527	0.366722	0.633278	1.00228	0.760321
367	-16896.06	-16895.49	-0.5685232	0.819047	0.45504	-0.199614	-0.787371	0.00228022	-0.279396	0.001141766	0.0003751043	0.202075	0.797925	1.00228	0.756241
368	-16898.45	-16897.48	-0.9658342	0.819047	0.482026	-0.199614	-0.729757	-0.00191028	-0.302186	0.00167636	0.0005180291	0.644875	0.355125	0.998092	0.739201
369	-16895.41	-16894.89	-0.5232613	0.807072	0.482026	-0.214342	-0.729757	0.000121099	-0.289833	0.0008464757	0.0005180291	0.644875	0.355125	1.00012	0.748389
370	-16895.74	-16894.71	-1.028255	0.815022	0.482026	-0.20454	-0.729757	0.0114853	-0.262135	0.001232712	0.0006980243	0.644875	0.355125	1.01155	0.769407
371	-16896.91	-16896.03	-0.8865513	0.815022	0.456767	-0.20454	-0.783582	0.0114853	-0.262135	0.001347994	0.000577462	0.464599	0.535401	1.01155	0.769407
372	-16896.18	-16895.07	-1.112893	0.857167	0.488001	-0.154123	-0.717438	0.0510969	-0.265449	0.000925582	0.0003584729	0.464599	0.535401	1.05242	0.766862
373	-16896.8	-16895.87	-0.929548	0.841754	0.487827	-0.172268	-0.717795	0.0510969	-0.248302	0.0006462108	0.0003101071	0.234803	0.765197	1.05242	0.780124
374	-16896.62	-16895.83	-0.7913184	0.841754	0.483482	-0.172268	-0.726741	0.0510969	-0.279507	0.0007559212	0.0002208963	0.332025	0.667975	1.05242	0.756156
375	-16897.39	-16896.66	-0.7311903	0.820177	0.498324	-0.198236	-0.696505	0.0510969	-0.247426	0.0005383594	0.0001347145	0.271908	0.728092	1.05242	0.780808
376	-16896.59	-16896.02	-0.5713679	0.825427	0.449532	-0.191854	-0.799549	0.0510969	-0.274051	0.0008968455	0.000133039	0.941415	0.0585852	1.05242	0.760293
377	-16895.57	-16894.57	-1.008875	0.880042	0.470452	-0.127785	-0.754061	0.0510969	-0.274051	0.000798503	0.0003194324	0.941415	0.0585852	1.05242	0.760293
378	-16895.35	-16894.36	-0.9885747	0.865221	0.470452	-0.14477	-0.754061	0.0510969	-0.26934	0.000798503	0.0003861253	0.941415	0.0585852	1.05242	0.763883
379	-16895.98	-16894.89	-1.091579	0.868868	0.470452	-0.140565	-0.754061	0.0420631	-0.26934	0.001186187	0.0002422327	0.654705	0.345295	1.04296	0.763883
380	-16895.21	-16894.7	-0.5071698	0.847846	0.438501	-0.165056	-0.824394	0.0420631	-0.307961	0.001006849	0.0001354587	0.654705	0.345295	1.04296	0.734944
381	-16898.19	-16898.14	-0.05038245	0.853948	0.394392	-0.157885	-0.930411	0.0255711	-0.379612	0.001156661	0.0001743189	0.654705	0.345295	1.0259	0.684127
382	-16896.85	-16896.91	0.06295987	0.826493	0.396826	-0.190563	-0.924256	0.0242833	-0.357547	0.00102708	0.0001863535	0.275095	0.724905	1.02458	0.69939
383	-16895.73	-16896.19	0.4618317	0.789799	0.394643	-0.235977	-0.929773	-0.0173431	-0.357415	0.00102708	0.0001863535	0.259349	0.740651	0.982806	0.699482
384	-16895.25	-16896.18	0.9279976	0.75215	0.399115	-0.28482	-0.918505	-0.0820672	-0.355763	0.00102708	0.0001863535	0.880179	0.119821	0.92121	0.700639
385	-16896.12	-16897.26	1.140334	0.71372	0.380809	-0.337264	-0.965456	-0.114672	-0.355763	0.001313743	0.0003400866	0.91051	0.0894903	0.891658	0.700639
386	-16895.92	-16896.95	1.030811	0.660449	0.389896	-0.414835	-0.941876	-0.105004	-0.355763	0.001934289	0.0002955557	0.91051	0.0894903	0.900321	0.700639
387	-16895.74	-16896.97	1.236492	0.670487	0.376297	-0.39975	-0.977376	-0.109508	-0.372178	0.001527635	0.0004981157	0.91051	0.0894903	0.896275	0.689232
388	-16900.34	-16901.79	1.446694	0.648118	0.401212	-0.433682	-0.913266	-0.180629	-0.356221	0.001400561	0.0006831578	0.0497982	0.950202	0.834745	0.700318
389	-16900.86	-16901.67	0.8101915	0.647136	0.389543	-0.435199	-0.942782	-0.112493	-0.356221	0.00211765	0.0007352214	0.0497982	0.950202	0.893604	0.700318
390	-16901.01	-16901.66	0.6552149	0.647136	0.402098	-0.435199	-0.911059	-0.12147	-0.356221	0.00211765	0.0009781795	0.0497982	0.950202	0.885618	0.700318
391	-16900.58	-16901.68	1.099073	0.647136	0.395054	-0.435199	-0.928732	-0.165638	-0.356221	0.001712997	0.0009781795	0.0497982	0.950202	0.847353	0.700318
392	-16901.08	-16902.3	1.218914	0.666376	0.372172	-0.405901	-0.9884	-0.150904	-0.356221	0.001224411	0.001148358	0.0497982	0.950202	0.859931	0.700318
393	-16898.31	-16900.24	1.931197	0.644464	0.372172	-0.439336	-0.9884	-0.150904	-0.382741	0.0008101951	0.00062638	0.0497982	0.950202	0.859931	0.681989
394	-16895.74	-16897.47	1.730042	0.644464	0.386667	-0.439336	-0.950191	-0.146586	-0.340677	0.0008101951	0.0005330947	0.246626	0.753374	0.863651	0.711289
395	-16896.01	-16897.38	1.36875	0.670024	0.423512	-0.400441	-0.859174	-0.146586	-0.340677	0.0008101951	0.0005843033	0.246626	0.753374	0.863651	0.711289
396	-16893.73	-16895.08	1.350752	0.670024	0.399791	-0.400441	-0.916813	-0.125711	-0.340677	0.001009307	0.0004860962	0.92377	0.0762298	0.88187	0.711289
397	-16894.69	-16896.39	1.692378	0.630691	0.397918	-0.46094	-0.921509	-0.125711	-0.349579	0.0009073212	0.000427763	0.92377	0.0762298	0.88187	0.704985
398	-16893.25	-16895.1	1.844349	0.630691	0.403952	-0.46094	-0.906459	-0.150464	-0.349579	0.0009159818	0.0002760737	0.92377	0.0762298	0.860309	0.704985
399	-16895.47	-16897.64	2.177658	0.614398	0.403952	-0.487113	-0.906459	-0.187624	-0.347848	0.0006578285	0.0003610363	0.194602	0.805398	0.828927	0.706206
400	-16896.31	-16898.68	2.364553	0.609407	0.397033	-0.495269	-0.923735	-0.202476	-0.32379	0.000503559	0.0002283636	0.194602	0.805398	0.816706	0.723402
